<?xml version="1.0" encoding="UTF-8"?>
<!-- Generated by org.testng.reporters.JUnitXMLReporter -->
<testsuite hostname="IN-M307WFY1" name="test" tests="1" failures="0" timestamp="21 Sep 2017 06:44:08 GMT" time="0.025" errors="0">
  <testcase name="@BeforeClass setUpClass" time="0.0" classname="com.morning.Setup.Runner">
    <failure type="java.lang.NoClassDefFoundError" message="gherkin/formatter/Reporter">
      <![CDATA[java.lang.NoClassDefFoundError: gherkin/formatter/Reporter
	at cucumber.api.testng.AbstractTestNGCucumberTests.setUpClass(AbstractTestNGCucumberTests.java:16)
Caused by: java.lang.ClassNotFoundException: gherkin.formatter.Reporter
	at java.net.URLClassLoader.findClass(URLClassLoader.java:381)
	at java.lang.ClassLoader.loadClass(ClassLoader.java:424)
	at sun.misc.Launcher$AppClassLoader.loadClass(Launcher.java:335)
	at java.lang.ClassLoader.loadClass(ClassLoader.java:357)
	... 25 more
... Removed 24 stack frames]]>
    </failure>
  </testcase> <!-- @BeforeClass setUpClass -->
  <testcase name="@AfterClass tearDownClass" time="0.0" classname="com.morning.Setup.Runner">
    <skipped/>
  </testcase> <!-- @AfterClass tearDownClass -->
  <testcase name="feature" time="0.0" classname="com.morning.Setup.Runner">
    <skipped/>
  </testcase> <!-- feature -->
</testsuite> <!-- test -->
