<?xml version="1.0" encoding="UTF-8"?>
<testsuite xmlns:xsi="http://www.w3.org/2001/XMLSchema-instance" xsi:schemaLocation="https://maven.apache.org/surefire/maven-surefire-plugin/xsd/surefire-test-report.xsd" name="TestSuite" time="5.28" tests="1" errors="0" skipped="0" failures="1">
  <properties>
[...]
</properties>
  <testcase name="feature" classname="com.morning.runner.Runner" time="4.714">
    <failure message="org.openqa.selenium.NoSuchElementException: Unable to locate element: html&gt;body&gt;div&gt;table&gt;tbody&gt;tr&gt;td&gt;table&gt;tbody&gt;tr&gt;td&gt;table&gt;tbody&gt;tr&gt;td&gt;table&gt;tbody&gt;tr&gt;td&gt;p&gt;a&gt;font&gt;b&#10;For documentation on this error, please visit: http://seleniumhq.org/exceptions/no_such_element.html&#10;Build info: version: &apos;3.4.0&apos;, revision: &apos;unknown&apos;, time: &apos;unknown&apos;&#10;System info: host: &apos;IN-M307WFY1&apos;, ip: &apos;10.90.18.101&apos;, os.name: &apos;Windows 7&apos;, os.arch: &apos;amd64&apos;, os.version: &apos;6.1&apos;, java.version: &apos;1.8.0_144&apos;&#10;Driver info: org.openqa.selenium.firefox.FirefoxDriver&#10;Capabilities [{moz:profile=C:\Users\UGHAWT~1.001\AppData\Local\Temp\rust_mozprofile.TDEDXF0VQsum, rotatable=false, timeouts={implicit=0.0, page load=300000.0, script=30000.0}, pageLoadStrategy=normal, platform=ANY, specificationLevel=0.0, moz:accessibilityChecks=false, acceptInsecureCerts=false, browserVersion=52.4.0, platformVersion=6.1, moz:processID=3600.0, browserName=firefox, javascriptEnabled=true, platformName=windows_nt}]&#10;Session ID: 3620c906-d14e-40d8-9a42-8107125c1b7c&#10;*** Element info: {Using=css selector, value=html&gt;body&gt;div&gt;table&gt;tbody&gt;tr&gt;td&gt;table&gt;tbody&gt;tr&gt;td&gt;table&gt;tbody&gt;tr&gt;td&gt;table&gt;tbody&gt;tr&gt;td&gt;p&gt;a&gt;font&gt;b}" type="cucumber.runtime.CucumberException">cucumber.runtime.CucumberException: 
org.openqa.selenium.NoSuchElementException: Unable to locate element: html>body>div>table>tbody>tr>td>table>tbody>tr>td>table>tbody>tr>td>table>tbody>tr>td>p>a>font>b
For documentation on this error, please visit: http://seleniumhq.org/exceptions/no_such_element.html
Build info: version: '3.4.0', revision: 'unknown', time: 'unknown'
System info: host: 'IN-M307WFY1', ip: '10.90.18.101', os.name: 'Windows 7', os.arch: 'amd64', os.version: '6.1', java.version: '1.8.0_144'
Driver info: org.openqa.selenium.firefox.FirefoxDriver
Capabilities [{moz:profile=C:\Users\UGHAWT~1.001\AppData\Local\Temp\rust_mozprofile.TDEDXF0VQsum, rotatable=false, timeouts={implicit=0.0, page load=300000.0, script=30000.0}, pageLoadStrategy=normal, platform=ANY, specificationLevel=0.0, moz:accessibilityChecks=false, acceptInsecureCerts=false, browserVersion=52.4.0, platformVersion=6.1, moz:processID=3600.0, browserName=firefox, javascriptEnabled=true, platformName=windows_nt}]
Session ID: 3620c906-d14e-40d8-9a42-8107125c1b7c
*** Element info: {Using=css selector, value=html>body>div>table>tbody>tr>td>table>tbody>tr>td>table>tbody>tr>td>table>tbody>tr>td>p>a>font>b}
Caused by: org.openqa.selenium.NoSuchElementException: 
Unable to locate element: html>body>div>table>tbody>tr>td>table>tbody>tr>td>table>tbody>tr>td>table>tbody>tr>td>p>a>font>b
For documentation on this error, please visit: http://seleniumhq.org/exceptions/no_such_element.html
Build info: version: '3.4.0', revision: 'unknown', time: 'unknown'
System info: host: 'IN-M307WFY1', ip: '10.90.18.101', os.name: 'Windows 7', os.arch: 'amd64', os.version: '6.1', java.version: '1.8.0_144'
Driver info: org.openqa.selenium.firefox.FirefoxDriver
Capabilities [{moz:profile=C:\Users\UGHAWT~1.001\AppData\Local\Temp\rust_mozprofile.TDEDXF0VQsum, rotatable=false, timeouts={implicit=0.0, page load=300000.0, script=30000.0}, pageLoadStrategy=normal, platform=ANY, specificationLevel=0.0, moz:accessibilityChecks=false, acceptInsecureCerts=false, browserVersion=52.4.0, platformVersion=6.1, moz:processID=3600.0, browserName=firefox, javascriptEnabled=true, platformName=windows_nt}]
Session ID: 3620c906-d14e-40d8-9a42-8107125c1b7c
*** Element info: {Using=css selector, value=html>body>div>table>tbody>tr>td>table>tbody>tr>td>table>tbody>tr>td>table>tbody>tr>td>p>a>font>b}
</failure>
    <system-out><![CDATA[Opening the browser : FireFox
I navigate to the login page
Email ID is: admin@ea.com
My salary digit count is :4
Login Submit
I should see the userform page
Closing the browser : MOCK
]]></system-out>
    <system-err><![CDATA[1507706629263	geckodriver	INFO	Listening on 127.0.0.1:37851
1507706629897	geckodriver::marionette	INFO	Starting browser C:\Program Files\Mozilla Firefox\firefox.exe with args ["-marionette"]
1507706630528	Marionette	INFO	Listening on port 60733
Oct 11, 2017 12:53:51 PM org.openqa.selenium.remote.ProtocolHandshake createSession
INFO: Detected dialect: W3C
[Child 13176] ###!!! ABORT: Aborting on channel error.: file c:/builds/moz2_slave/m-esr52-w64-000000000000000000/build/src/ipc/glue/MessageChannel.cpp, line 2152
]]></system-err>
  </testcase>
</testsuite>